<?xml version="1.0" encoding="UTF-8"?>
<!-- Generated by org.testng.reporters.JUnitReportReporter -->
<testsuite skipped="0" hostname="GYANA" name="ActiTime.SampleTest" tests="3" failures="0" timestamp="2019-10-25T20:44:41 IST" time="0.020" errors="0">
  <testcase name="createcustomerTest" time="0.017" classname="ActiTime.SampleTest"/>
  <testcase name="modifycustonerTest" time="0.001" classname="ActiTime.SampleTest"/>
  <testcase name="deletecustomerTest" time="0.002" classname="ActiTime.SampleTest"/>
</testsuite> <!-- ActiTime.SampleTest -->
